Сборка начата 21.08.2017 0:30:04.
     1>Проект "C:\Users\Yuri\Documents\Visual Studio 2013\Projects\KERRIGAN_RITCHI_C\С_5.1-5.2\С_5.1\С_5.1.vcxproj" в узле 2 (целевые объекты Rebuild).
     1>C:\Program Files (x86)\MSBuild\Microsoft.Cpp\v4.0\V120\Microsoft.CppBuild.targets(381,5): warning MSB8028: The intermediate directory (Debug\) contains files shared from another project (С_5.1.vcxproj).  This can lead to incorrect clean and rebuild behavior.
     1>ClCompile:
         C:\Program Files (x86)\Microsoft Visual Studio 12.0\VC\bin\CL.exe /c /ZI /nologo /W3 /WX- /sdl /Od /Oy- /D WIN32 /D _DEBUG /D _CONSOLE /D _LIB /D _UNICODE /D UNICODE /Gm /EHsc /RTC1 /MDd /GS /fp:precise /Zc:wchar_t /Zc:forScope /Fo"Debug\\" /Fd"Debug\vc120.pdb" /Gd /TC /analyze- /errorReport:prompt getch.c getfloat.c getint.c main_prog.c
         main_prog.c
         getint.c
     1>c:\users\yuri\documents\visual studio 2013\projects\kerrigan_ritchi_c\с_5.1-5.2\с_5.1\getint.c(6): warning C4013: isspace: нет определения; предполагается "extern" с возвратом типа "int"
     1>c:\users\yuri\documents\visual studio 2013\projects\kerrigan_ritchi_c\с_5.1-5.2\с_5.1\getint.c(6): warning C4013: getch: нет определения; предполагается "extern" с возвратом типа "int"
     1>c:\users\yuri\documents\visual studio 2013\projects\kerrigan_ritchi_c\с_5.1-5.2\с_5.1\getint.c(8): warning C4013: isdigit: нет определения; предполагается "extern" с возвратом типа "int"
     1>c:\users\yuri\documents\visual studio 2013\projects\kerrigan_ritchi_c\с_5.1-5.2\с_5.1\getint.c(9): warning C4013: ungetch: нет определения; предполагается "extern" с возвратом типа "int"
         getfloat.c
     1>c:\users\yuri\documents\visual studio 2013\projects\kerrigan_ritchi_c\с_5.1-5.2\с_5.1\getfloat.c(8): warning C4013: isspace: нет определения; предполагается "extern" с возвратом типа "int"
     1>c:\users\yuri\documents\visual studio 2013\projects\kerrigan_ritchi_c\с_5.1-5.2\с_5.1\getfloat.c(8): warning C4013: getch: нет определения; предполагается "extern" с возвратом типа "int"
     1>c:\users\yuri\documents\visual studio 2013\projects\kerrigan_ritchi_c\с_5.1-5.2\с_5.1\getfloat.c(10): warning C4013: isdigit: нет определения; предполагается "extern" с возвратом типа "int"
     1>c:\users\yuri\documents\visual studio 2013\projects\kerrigan_ritchi_c\с_5.1-5.2\с_5.1\getfloat.c(11): warning C4013: ungetch: нет определения; предполагается "extern" с возвратом типа "int"
     1>c:\users\yuri\documents\visual studio 2013\projects\kerrigan_ritchi_c\с_5.1-5.2\с_5.1\getfloat.c(12): warning C4244: return: преобразование "double" в "int", возможна потеря данных
     1>c:\users\yuri\documents\visual studio 2013\projects\kerrigan_ritchi_c\с_5.1-5.2\с_5.1\getfloat.c(24): warning C4244: return: преобразование "double" в "int", возможна потеря данных
     1>c:\users\yuri\documents\visual studio 2013\projects\kerrigan_ritchi_c\с_5.1-5.2\с_5.1\getfloat.c(28): warning C4244: =: преобразование "double" в "float", возможна потеря данных
     1>c:\users\yuri\documents\visual studio 2013\projects\kerrigan_ritchi_c\с_5.1-5.2\с_5.1\getfloat.c(33): warning C4244: =: преобразование "double" в "float", возможна потеря данных
         getch.c
         Создание кода...
       Link:
         C:\Program Files (x86)\Microsoft Visual Studio 12.0\VC\bin\link.exe /ERRORREPORT:PROMPT /OUT:"C:\Users\Yuri\Documents\Visual Studio 2013\Projects\KERRIGAN_RITCHI_C\С_5.1-5.2\Debug\С_5.1-5.2.exe" /INCREMENTAL /NOLOGO kernel32.lib user32.lib gdi32.lib winspool.lib comdlg32.lib advapi32.lib shell32.lib ole32.lib oleaut32.lib uuid.lib odbc32.lib odbccp32.lib /MANIFEST /MANIFESTUAC:"level='asInvoker' uiAccess='false'" /manifest:embed /DEBUG /PDB:"C:\Users\Yuri\Documents\Visual Studio 2013\Projects\KERRIGAN_RITCHI_C\С_5.1-5.2\Debug\С_5.1-5.2.pdb" /SUBSYSTEM:CONSOLE /TLBID:1 /DYNAMICBASE /NXCOMPAT /IMPLIB:"C:\Users\Yuri\Documents\Visual Studio 2013\Projects\KERRIGAN_RITCHI_C\С_5.1-5.2\Debug\С_5.1-5.2.lib" /MACHINE:X86 Debug\getch.obj
         Debug\getfloat.obj
         Debug\getint.obj
         Debug\main_prog.obj
         С_5.1.vcxproj -> C:\Users\Yuri\Documents\Visual Studio 2013\Projects\KERRIGAN_RITCHI_C\С_5.1-5.2\Debug\С_5.1-5.2.exe
     1>Сборка проекта "C:\Users\Yuri\Documents\Visual Studio 2013\Projects\KERRIGAN_RITCHI_C\С_5.1-5.2\С_5.1\С_5.1.vcxproj" завершена (целевые объекты Rebuild).

Сборка успешно завершена.

Затраченное время: 00:00:00.64
