Сборка начата 04.09.2017 0:27:38.
     1>Проект "C:\Users\Yuri\Documents\Visual Studio 2013\Projects\KERRIGAN_RITCHI_C\С_5.6\С_5.6\С_5.6.vcxproj" в узле 2 (целевые объекты Rebuild).
     1>ClCompile:
         C:\Program Files (x86)\Microsoft Visual Studio 12.0\VC\bin\CL.exe /c /ZI /nologo /W3 /WX- /sdl /Od /Oy- /D WIN32 /D _DEBUG /D _CONSOLE /D _LIB /D _UNICODE /D UNICODE /Gm /EHsc /RTC1 /MDd /GS /fp:precise /Zc:wchar_t /Zc:forScope /Fo"Debug\\" /Fd"Debug\vc120.pdb" /Gd /TC /analyze- /errorReport:prompt atoi.c input.c main.c reverse.c
         reverse.c
     1>c:\users\yuri\documents\visual studio 2013\projects\kerrigan_ritchi_c\с_5.6\с_5.6\reverse.c(11): warning C4013: strlen: нет определения; предполагается "extern" с возвратом типа "int"
         main.c
         input.c
         atoi.c
     1>c:\users\yuri\documents\visual studio 2013\projects\kerrigan_ritchi_c\с_5.6\с_5.6\atoi.c(12): warning C4013: isspace: нет определения; предполагается "extern" с возвратом типа "int"
     1>c:\users\yuri\documents\visual studio 2013\projects\kerrigan_ritchi_c\с_5.6\с_5.6\atoi.c(20): warning C4013: isdigit: нет определения; предполагается "extern" с возвратом типа "int"
         Создание кода...
       Link:
         C:\Program Files (x86)\Microsoft Visual Studio 12.0\VC\bin\link.exe /ERRORREPORT:PROMPT /OUT:"C:\Users\Yuri\Documents\Visual Studio 2013\Projects\KERRIGAN_RITCHI_C\С_5.6\Debug\С_5.6.exe" /INCREMENTAL /NOLOGO kernel32.lib user32.lib gdi32.lib winspool.lib comdlg32.lib advapi32.lib shell32.lib ole32.lib oleaut32.lib uuid.lib odbc32.lib odbccp32.lib /MANIFEST /MANIFESTUAC:"level='asInvoker' uiAccess='false'" /manifest:embed /DEBUG /PDB:"C:\Users\Yuri\Documents\Visual Studio 2013\Projects\KERRIGAN_RITCHI_C\С_5.6\Debug\С_5.6.pdb" /SUBSYSTEM:CONSOLE /TLBID:1 /DYNAMICBASE /NXCOMPAT /IMPLIB:"C:\Users\Yuri\Documents\Visual Studio 2013\Projects\KERRIGAN_RITCHI_C\С_5.6\Debug\С_5.6.lib" /MACHINE:X86 Debug\atoi.obj
         Debug\input.obj
         Debug\main.obj
         Debug\reverse.obj
         С_5.6.vcxproj -> C:\Users\Yuri\Documents\Visual Studio 2013\Projects\KERRIGAN_RITCHI_C\С_5.6\Debug\С_5.6.exe
     1>Сборка проекта "C:\Users\Yuri\Documents\Visual Studio 2013\Projects\KERRIGAN_RITCHI_C\С_5.6\С_5.6\С_5.6.vcxproj" завершена (целевые объекты Rebuild).

Сборка успешно завершена.

Затраченное время: 00:00:00.88
